[debug] [2017-10-08T00:18:18.593Z] ----------------------------------------------------------------------
[debug] [2017-10-08T00:18:18.595Z] Command:       c:\Program Files\nodejs\node.exe c:\Users\alexh\AppData\Roaming\npm\node_modules\firebase-tools\bin\firebase serve --only functions
[debug] [2017-10-08T00:18:18.595Z] CLI Version:   3.13.0
[debug] [2017-10-08T00:18:18.595Z] Platform:      win32
[debug] [2017-10-08T00:18:18.595Z] Node Version:  v8.1.4
[debug] [2017-10-08T00:18:18.596Z] Time:          Sat Oct 07 2017 17:18:18 GMT-0700 (太平洋夏令时)
[debug] [2017-10-08T00:18:18.596Z] ----------------------------------------------------------------------
[debug] 
[debug] [2017-10-08T00:18:18.605Z] > command requires scopes: ["email","openid","https://www.googleapis.com/auth/cloudplatformprojects.readonly","https://www.googleapis.com/auth/firebase","https://www.googleapis.com/auth/cloud-platform"]
[debug] [2017-10-08T00:18:18.605Z] > authorizing via signed-in user
[debug] [2017-10-08T00:18:18.606Z] >>> HTTP REQUEST GET https://admin.firebase.com/v1/projects/sjsu-cs-160  
 Sat Oct 07 2017 17:18:18 GMT-0700 (太平洋夏令时)
[debug] [2017-10-08T00:18:19.115Z] <<< HTTP RESPONSE 200
[debug] [2017-10-08T00:18:19.116Z] >>> HTTP REQUEST GET https://admin.firebase.com/v1/database/sjsu-cs-160/tokens  
 Sat Oct 07 2017 17:18:19 GMT-0700 (太平洋夏令时)
[debug] [2017-10-08T00:18:19.572Z] <<< HTTP RESPONSE 200
[info] 
[info] === Serving from 'g:\GitHub\CS160\web'...
[info] 
[info] i  functions: Preparing to emulate functions.
[debug] [2017-10-08T00:18:19.803Z] >>> HTTP REQUEST GET https://appengine.googleapis.com/v1/apps/sjsu-cs-160  
 Sat Oct 07 2017 17:18:19 GMT-0700 (太平洋夏令时)
[debug] [2017-10-08T00:18:19.803Z] >>> HTTP REQUEST GET https://apikeys.googleapis.com/v1/projects/sjsu-cs-160/apiKeys  
 Sat Oct 07 2017 17:18:19 GMT-0700 (太平洋夏令时)
[debug] [2017-10-08T00:18:20.217Z] <<< HTTP RESPONSE 200
[debug] [2017-10-08T00:18:20.217Z] <<< HTTP RESPONSE 200
[info] +  functions: addMessage: http://localhost:5000/sjsu-cs-160/us-central1/addMessage
[info] +  functions: helloWorld: http://localhost:5000/sjsu-cs-160/us-central1/helloWorld
[info] +  functions: test: http://localhost:5000/sjsu-cs-160/us-central1/test
[info] Shutting down...
[debug] [2017-10-08T00:22:54.283Z] ----------------------------------------------------------------------
[debug] [2017-10-08T00:22:54.299Z] Command:       c:\Program Files\nodejs\node.exe c:\Users\alexh\AppData\Roaming\npm\node_modules\firebase-tools\bin\firebase serve --only functions
[debug] [2017-10-08T00:22:54.299Z] CLI Version:   3.13.0
[debug] [2017-10-08T00:22:54.299Z] Platform:      win32
[debug] [2017-10-08T00:22:54.299Z] Node Version:  v8.1.4
[debug] [2017-10-08T00:22:54.299Z] Time:          Sat Oct 07 2017 17:22:54 GMT-0700 (太平洋夏令时)
[debug] [2017-10-08T00:22:54.299Z] ----------------------------------------------------------------------
[debug] 
[debug] [2017-10-08T00:22:54.299Z] > command requires scopes: ["email","openid","https://www.googleapis.com/auth/cloudplatformprojects.readonly","https://www.googleapis.com/auth/firebase","https://www.googleapis.com/auth/cloud-platform"]
[debug] [2017-10-08T00:22:54.299Z] > authorizing via signed-in user
[debug] [2017-10-08T00:22:54.299Z] >>> HTTP REQUEST GET https://admin.firebase.com/v1/projects/sjsu-cs-160  
 Sat Oct 07 2017 17:22:54 GMT-0700 (太平洋夏令时)
[debug] [2017-10-08T00:22:54.715Z] <<< HTTP RESPONSE 200
[debug] [2017-10-08T00:22:54.715Z] >>> HTTP REQUEST GET https://admin.firebase.com/v1/database/sjsu-cs-160/tokens  
 Sat Oct 07 2017 17:22:54 GMT-0700 (太平洋夏令时)
[debug] [2017-10-08T00:22:55.252Z] <<< HTTP RESPONSE 200
[info] 
[info] === Serving from 'g:\GitHub\CS160\web'...
[info] 
[info] i  functions: Preparing to emulate functions.
[debug] [2017-10-08T00:22:55.468Z] >>> HTTP REQUEST GET https://appengine.googleapis.com/v1/apps/sjsu-cs-160  
 Sat Oct 07 2017 17:22:55 GMT-0700 (太平洋夏令时)
[debug] [2017-10-08T00:22:55.468Z] >>> HTTP REQUEST GET https://apikeys.googleapis.com/v1/projects/sjsu-cs-160/apiKeys  
 Sat Oct 07 2017 17:22:55 GMT-0700 (太平洋夏令时)
[debug] [2017-10-08T00:22:55.900Z] <<< HTTP RESPONSE 200
[debug] [2017-10-08T00:22:56.253Z] <<< HTTP RESPONSE 200
[info] +  functions: addMessage: http://localhost:5000/sjsu-cs-160/us-central1/addMessage
[info] +  functions: helloWorld: http://localhost:5000/sjsu-cs-160/us-central1/helloWorld
[info] +  functions: test: http://localhost:5000/sjsu-cs-160/us-central1/test
[info] Shutting down...
[debug] [2017-10-08T00:34:47.221Z] ----------------------------------------------------------------------
[debug] [2017-10-08T00:34:47.222Z] Command:       c:\Program Files\nodejs\node.exe c:\Users\alexh\AppData\Roaming\npm\node_modules\firebase-tools\bin\firebase serve --only functions
[debug] [2017-10-08T00:34:47.222Z] CLI Version:   3.13.0
[debug] [2017-10-08T00:34:47.222Z] Platform:      win32
[debug] [2017-10-08T00:34:47.222Z] Node Version:  v8.1.4
[debug] [2017-10-08T00:34:47.223Z] Time:          Sat Oct 07 2017 17:34:47 GMT-0700 (太平洋夏令时)
[debug] [2017-10-08T00:34:47.223Z] ----------------------------------------------------------------------
[debug] 
[debug] [2017-10-08T00:34:47.233Z] > command requires scopes: ["email","openid","https://www.googleapis.com/auth/cloudplatformprojects.readonly","https://www.googleapis.com/auth/firebase","https://www.googleapis.com/auth/cloud-platform"]
[debug] [2017-10-08T00:34:47.233Z] > authorizing via signed-in user
[debug] [2017-10-08T00:34:47.235Z] >>> HTTP REQUEST GET https://admin.firebase.com/v1/projects/sjsu-cs-160  
 Sat Oct 07 2017 17:34:47 GMT-0700 (太平洋夏令时)
[debug] [2017-10-08T00:34:47.739Z] <<< HTTP RESPONSE 200
[debug] [2017-10-08T00:34:47.740Z] >>> HTTP REQUEST GET https://admin.firebase.com/v1/database/sjsu-cs-160/tokens  
 Sat Oct 07 2017 17:34:47 GMT-0700 (太平洋夏令时)
[debug] [2017-10-08T00:34:48.289Z] <<< HTTP RESPONSE 200
[info] 
[info] === Serving from 'g:\GitHub\CS160\web'...
[info] 
[info] i  functions: Preparing to emulate functions.
[debug] [2017-10-08T00:34:48.512Z] >>> HTTP REQUEST GET https://appengine.googleapis.com/v1/apps/sjsu-cs-160  
 Sat Oct 07 2017 17:34:48 GMT-0700 (太平洋夏令时)
[debug] [2017-10-08T00:34:48.512Z] >>> HTTP REQUEST GET https://apikeys.googleapis.com/v1/projects/sjsu-cs-160/apiKeys  
 Sat Oct 07 2017 17:34:48 GMT-0700 (太平洋夏令时)
[debug] [2017-10-08T00:34:48.944Z] <<< HTTP RESPONSE 200
[debug] [2017-10-08T00:34:49.012Z] <<< HTTP RESPONSE 200
[warn] !  functions: Failed to load functions source code. Ensure that you have the latest SDK by running npm i --save firebase-functions inside the functions directory.
[warn] !  functions: Error from emulator. Error
    at FirebaseError (c:\Users\alexh\AppData\Roaming\npm\node_modules\firebase-tools\lib\error.js:11:17)
    at ChildProcess.<anonymous> (c:\Users\alexh\AppData\Roaming\npm\node_modules\firebase-tools\lib\parseTriggers.js:24:16)
    at emitTwo (events.js:125:13)
    at ChildProcess.emit (events.js:213:7)
    at handleMessage (internal/child_process.js:753:14)
    at Pipe.channel.onread (internal/child_process.js:472:11)
[debug] [2017-10-08T00:38:19.903Z] ----------------------------------------------------------------------
[debug] [2017-10-08T00:38:19.903Z] Command:       c:\Program Files\nodejs\node.exe c:\Users\alexh\AppData\Roaming\npm\node_modules\firebase-tools\bin\firebase serve --only functions
[debug] [2017-10-08T00:38:19.903Z] CLI Version:   3.13.0
[debug] [2017-10-08T00:38:19.903Z] Platform:      win32
[debug] [2017-10-08T00:38:19.903Z] Node Version:  v8.1.4
[debug] [2017-10-08T00:38:19.903Z] Time:          Sat Oct 07 2017 17:38:19 GMT-0700 (太平洋夏令时)
[debug] [2017-10-08T00:38:19.903Z] ----------------------------------------------------------------------
[debug] 
[debug] [2017-10-08T00:38:19.918Z] > command requires scopes: ["email","openid","https://www.googleapis.com/auth/cloudplatformprojects.readonly","https://www.googleapis.com/auth/firebase","https://www.googleapis.com/auth/cloud-platform"]
[debug] [2017-10-08T00:38:19.918Z] > authorizing via signed-in user
[debug] [2017-10-08T00:38:19.918Z] >>> HTTP REQUEST GET https://admin.firebase.com/v1/projects/sjsu-cs-160  
 Sat Oct 07 2017 17:38:19 GMT-0700 (太平洋夏令时)
[debug] [2017-10-08T00:38:20.334Z] <<< HTTP RESPONSE 200
[debug] [2017-10-08T00:38:20.334Z] >>> HTTP REQUEST GET https://admin.firebase.com/v1/database/sjsu-cs-160/tokens  
 Sat Oct 07 2017 17:38:20 GMT-0700 (太平洋夏令时)
[debug] [2017-10-08T00:38:20.734Z] <<< HTTP RESPONSE 200
[info] 
[info] === Serving from 'g:\GitHub\CS160\web'...
[info] 
[info] i  functions: Preparing to emulate functions.
[debug] [2017-10-08T00:38:20.949Z] >>> HTTP REQUEST GET https://appengine.googleapis.com/v1/apps/sjsu-cs-160  
 Sat Oct 07 2017 17:38:20 GMT-0700 (太平洋夏令时)
[debug] [2017-10-08T00:38:20.949Z] >>> HTTP REQUEST GET https://apikeys.googleapis.com/v1/projects/sjsu-cs-160/apiKeys  
 Sat Oct 07 2017 17:38:20 GMT-0700 (太平洋夏令时)
[debug] [2017-10-08T00:38:21.349Z] <<< HTTP RESPONSE 200
[debug] [2017-10-08T00:38:21.403Z] <<< HTTP RESPONSE 200
[warn] !  functions: Failed to load functions source code. Ensure that you have the latest SDK by running npm i --save firebase-functions inside the functions directory.
[warn] !  functions: Error from emulator. Error
    at FirebaseError (c:\Users\alexh\AppData\Roaming\npm\node_modules\firebase-tools\lib\error.js:11:17)
    at ChildProcess.<anonymous> (c:\Users\alexh\AppData\Roaming\npm\node_modules\firebase-tools\lib\parseTriggers.js:24:16)
    at emitTwo (events.js:125:13)
    at ChildProcess.emit (events.js:213:7)
    at handleMessage (internal/child_process.js:753:14)
    at Pipe.channel.onread (internal/child_process.js:472:11)
[info] Shutting down...
