[debug] [2017-09-18T07:57:58.476Z] ----------------------------------------------------------------------
[debug] [2017-09-18T07:57:58.477Z] Command:       c:\Program Files\nodejs\node.exe c:\Users\alexh\AppData\Roaming\npm\node_modules\firebase-tools\bin\firebase serve
[debug] [2017-09-18T07:57:58.477Z] CLI Version:   3.11.0
[debug] [2017-09-18T07:57:58.477Z] Platform:      win32
[debug] [2017-09-18T07:57:58.477Z] Node Version:  v8.1.4
[debug] [2017-09-18T07:57:58.478Z] Time:          Mon Sep 18 2017 00:57:58 GMT-0700 (太平洋夏令时)
[debug] [2017-09-18T07:57:58.478Z] ----------------------------------------------------------------------
[debug] 
[debug] [2017-09-18T07:57:58.487Z] > command requires scopes: ["email","openid","https://www.googleapis.com/auth/cloudplatformprojects.readonly","https://www.googleapis.com/auth/firebase","https://www.googleapis.com/auth/cloud-platform"]
[debug] [2017-09-18T07:57:58.487Z] > authorizing via signed-in user
[debug] [2017-09-18T07:57:58.489Z] >>> HTTP REQUEST GET https://admin.firebase.com/v1/projects/sjsu-cs-160  
 Mon Sep 18 2017 00:57:58 GMT-0700 (太平洋夏令时)
[debug] [2017-09-18T07:57:59.271Z] <<< HTTP RESPONSE 200
[debug] [2017-09-18T07:57:59.272Z] >>> HTTP REQUEST GET https://admin.firebase.com/v1/database/sjsu-cs-160/tokens  
 Mon Sep 18 2017 00:57:59 GMT-0700 (太平洋夏令时)
[debug] [2017-09-18T07:57:59.642Z] <<< HTTP RESPONSE 200
[info] 
[info] === Serving from 'g:\GitHub\CS160\web'...
[info] 
[debug] [2017-09-18T07:57:59.645Z] >>> HTTP REQUEST GET https://cloudresourcemanager.googleapis.com/v1/projects/sjsu-cs-160  
 Mon Sep 18 2017 00:57:59 GMT-0700 (太平洋夏令时)
[debug] [2017-09-18T07:58:00.080Z] <<< HTTP RESPONSE 200
[debug] [2017-09-18T07:58:00.080Z] >>> HTTP REQUEST GET https://mobilesdk-pa.googleapis.com/v1/projects/126660119383/clients/_:getWebAppConfig  
 Mon Sep 18 2017 00:58:00 GMT-0700 (太平洋夏令时)
[debug] [2017-09-18T07:58:00.583Z] <<< HTTP RESPONSE 200
[info] i  hosting: Serving hosting files from: dist
[info] +  hosting: Local server: http://localhost:5000

[info] Shutting down...
